[LOG] System::create                           : Header version = 2.02.09. Current version = 2.02.09.
[LOG] Manager::init                            : maxchannels = 256 studioflags = 00000006 flags 00000000 extradriverdata 0000000000000000.
[LOG] SystemI::init                            : Initialize version=20209 (128289), maxchannels=256, flags=0x00020000
[LOG] SystemI::setOutputInternal               : Setting output to 'FMOD WASAPI Output'
[LOG] OutputWASAPI::init                       : Mix Format (WAVEFORMATEX): wFormatTag=0xFFFE, nChannels=2, nSamplesPerSec=48000, nAvgBytesPerSec=384000, nBlockAlign=8, wBitsPerSample=32, cbSize=22.
[LOG] OutputWASAPI::init                       : Mix Format (WAVEFORMATEXTENSIBLE): wValidBitsPerSample=32, dwChannelMask=0x00000003, SubFormat=00000003-0000-0010-8000-00AA00389B71.
[LOG] OutputWASAPI::init                       : Output buffer size: 4096 samples, latency: 0.00ms, period: 10.00ms, DSP buffer: 1024 * 4
[LOG] Thread::initThread                       : Init FMOD stream thread. Affinity: 0x4000000000000003, Priority: 0xFFFF7FFB, Stack Size: 98304, Semaphore: No, Sleep Time: 10, Looping: Yes.
[LOG] Thread::initThread                       : Init FMOD mixer thread. Affinity: 0x4000000000000001, Priority: 0xFFFF7FFA, Stack Size: 81920, Semaphore: No, Sleep Time: 0, Looping: Yes.
[LOG] AsyncManager::init                       : manager 000001D8602C7988 isAsync 0 updatePeriod 0.02
[LOG] AsyncManager::init                       : done
[LOG] PlaybackSystem::init                     : 
[LOG] Thread::initThread                       : Init FMOD Studio sample load thread. Affinity: 0x4000000000000003, Priority: 0xFFFF7FFD, Stack Size: 98304, Semaphore: No, Sleep Time: 1, Looping: No.
[LOG] PlaybackSystem::init                     : done
[LOG] Thread::initThread                       : Init FMOD Studio bank load thread. Affinity: 0x4000000000000003, Priority: 0xFFFF7FFD, Stack Size: 98304, Semaphore: No, Sleep Time: 1, Looping: No.
[LOG] Manager::init                            : done.
[LOG] Manager::readBank                        : fileversion = 142, compatVersion = 140 (oldest = 44, newest = 142)
[LOG] Manager::readBank                        : fileversion = 142, compatVersion = 140 (oldest = 44, newest = 142)
[LOG] PlaybackSystem::acquireMasterBus         : Setting master channel group format to 6
[LOG] SystemI::createSoundInternal             : Create name='', mode=0x02000202
[LOG] SystemI::createSoundInternal             : exinfo->cbsize             = 224
[LOG] SystemI::createSoundInternal             : exinfo->length             = 6401376
[LOG] SystemI::createSoundInternal             : exinfo->fileoffset         = 61632
[LOG] SystemI::createSoundInternal             : exinfo->numsubsounds       = 1
[LOG] SystemI::createSoundInternal             : exinfo->inclusionlist      = 0000007B30C7F5A8
[LOG] SystemI::createSoundInternal             : exinfo->inclusionlistnum   = 1
[LOG] SystemI::createSoundInternal             : exinfo->suggestedsoundtype = 5
[LOG] SystemI::createSoundInternal             : exinfo->useropen           = 00007FF8D32033C0
[LOG] SystemI::createSoundInternal             : exinfo->userclose          = 00007FF8D3203380
[LOG] SystemI::createSoundInternal             : exinfo->userread           = 00007FF8D32034A0
[LOG] SystemI::createSoundInternal             : exinfo->userseek           = 00007FF8D3203560
[LOG] SystemI::createSoundInternal             : exinfo->fileuserdata       = 000001D4C42E8E68
[LOG] SystemI::createSoundInternal             : exinfo->initialseekpostype = 1
[LOG] SystemI::DSPCodecPoolRegister            : register codec pool for pool type 5
[LOG] SystemI::createSoundInternal             : Sample 0/1: name='door_open3', format=5, channels=2, frequency=48000, lengthbytes=11744, lengthpcm=50155, pcmblocksize=0, loopstart=0, loopend=0, mode=0x00000000, channelmask=0x00000000, channelorder=0, peakvolume=0.182343.
[LOG] SystemI::createSoundInternal             : Create name='', mode=0x02000202
[LOG] SystemI::createSoundInternal             : exinfo->cbsize             = 224
[LOG] SystemI::createSoundInternal             : exinfo->length             = 6401376
[LOG] SystemI::createSoundInternal             : exinfo->fileoffset         = 61632
[LOG] SystemI::createSoundInternal             : exinfo->numsubsounds       = 1
[LOG] SystemI::createSoundInternal             : exinfo->inclusionlist      = 0000007B30C7F5A8
[LOG] SystemI::createSoundInternal             : exinfo->inclusionlistnum   = 1
[LOG] SystemI::createSoundInternal             : exinfo->suggestedsoundtype = 5
[LOG] SystemI::createSoundInternal             : exinfo->useropen           = 00007FF8D32033C0
[LOG] SystemI::createSoundInternal             : exinfo->userclose          = 00007FF8D3203380
[LOG] SystemI::createSoundInternal             : exinfo->userread           = 00007FF8D32034A0
[LOG] SystemI::createSoundInternal             : exinfo->userseek           = 00007FF8D3203560
[LOG] SystemI::createSoundInternal             : exinfo->fileuserdata       = 000001D4C42E8E68
[LOG] SystemI::createSoundInternal             : exinfo->initialseekpostype = 1
[LOG] SystemI::DSPCodecPoolRegister            : register codec pool for pool type 5
[LOG] SystemI::createSoundInternal             : Sample 0/1: name='door_open5', format=5, channels=2, frequency=48000, lengthbytes=15552, lengthpcm=65458, pcmblocksize=0, loopstart=0, loopend=0, mode=0x00000000, channelmask=0x00000000, channelorder=0, peakvolume=0.183289.
[LOG] SystemI::createSoundInternal             : Create name='', mode=0x02000202
[LOG] SystemI::createSoundInternal             : exinfo->cbsize             = 224
[LOG] SystemI::createSoundInternal             : exinfo->length             = 6401376
[LOG] SystemI::createSoundInternal             : exinfo->fileoffset         = 61632
[LOG] SystemI::createSoundInternal             : exinfo->numsubsounds       = 1
[LOG] SystemI::createSoundInternal             : exinfo->inclusionlist      = 0000007B30C7F5A8
[LOG] SystemI::createSoundInternal             : exinfo->inclusionlistnum   = 1
[LOG] SystemI::createSoundInternal             : exinfo->suggestedsoundtype = 5
[LOG] SystemI::createSoundInternal             : exinfo->useropen           = 00007FF8D32033C0
[LOG] SystemI::createSoundInternal             : exinfo->userclose          = 00007FF8D3203380
[LOG] SystemI::createSoundInternal             : exinfo->userread           = 00007FF8D32034A0
[LOG] SystemI::createSoundInternal             : exinfo->userseek           = 00007FF8D3203560
[LOG] SystemI::createSoundInternal             : exinfo->fileuserdata       = 000001D4C42E8E68
[LOG] SystemI::createSoundInternal             : exinfo->initialseekpostype = 1
[LOG] SystemI::DSPCodecPoolRegister            : register codec pool for pool type 5
[LOG] SystemI::createSoundInternal             : Sample 0/1: name='door_open4', format=5, channels=2, frequency=48000, lengthbytes=9856, lengthpcm=42729, pcmblocksize=0, loopstart=0, loopend=0, mode=0x00000000, channelmask=0x00000000, channelorder=0, peakvolume=0.184113.
[LOG] SystemI::createSoundInternal             : Create name='', mode=0x02000202
[LOG] SystemI::createSoundInternal             : exinfo->cbsize             = 224
[LOG] SystemI::createSoundInternal             : exinfo->length             = 6401376
[LOG] SystemI::createSoundInternal             : exinfo->fileoffset         = 61632
[LOG] SystemI::createSoundInternal             : exinfo->numsubsounds       = 1
[LOG] SystemI::createSoundInternal             : exinfo->inclusionlist      = 0000007B30C7F5A8
[LOG] SystemI::createSoundInternal             : exinfo->inclusionlistnum   = 1
[LOG] SystemI::createSoundInternal             : exinfo->suggestedsoundtype = 5
[LOG] SystemI::createSoundInternal             : exinfo->useropen           = 00007FF8D32033C0
[LOG] SystemI::createSoundInternal             : exinfo->userclose          = 00007FF8D3203380
[LOG] SystemI::createSoundInternal             : exinfo->userread           = 00007FF8D32034A0
[LOG] SystemI::createSoundInternal             : exinfo->userseek           = 00007FF8D3203560
[LOG] SystemI::createSoundInternal             : exinfo->fileuserdata       = 000001D4C42E8E68
[LOG] SystemI::createSoundInternal             : exinfo->initialseekpostype = 1
[LOG] SystemI::DSPCodecPoolRegister            : register codec pool for pool type 5
[LOG] SystemI::createSoundInternal             : Sample 0/1: name='door_open1', format=5, channels=2, frequency=48000, lengthbytes=16768, lengthpcm=75480, pcmblocksize=0, loopstart=0, loopend=0, mode=0x00000000, channelmask=0x00000000, channelorder=0, peakvolume=0.183258.
[LOG] SystemI::createSoundInternal             : Create name='', mode=0x02000202
[LOG] SystemI::createSoundInternal             : exinfo->cbsize             = 224
[LOG] SystemI::createSoundInternal             : exinfo->length             = 6401376
[LOG] SystemI::createSoundInternal             : exinfo->fileoffset         = 61632
[LOG] SystemI::createSoundInternal             : exinfo->numsubsounds       = 1
[LOG] SystemI::createSoundInternal             : exinfo->inclusionlist      = 0000007B30C7F5A8
[LOG] SystemI::createSoundInternal             : exinfo->inclusionlistnum   = 1
[LOG] SystemI::createSoundInternal             : exinfo->suggestedsoundtype = 5
[LOG] SystemI::createSoundInternal             : exinfo->useropen           = 00007FF8D32033C0
[LOG] SystemI::createSoundInternal             : exinfo->userclose          = 00007FF8D3203380
[LOG] SystemI::createSoundInternal             : exinfo->userread           = 00007FF8D32034A0
[LOG] SystemI::createSoundInternal             : exinfo->userseek           = 00007FF8D3203560
[LOG] SystemI::createSoundInternal             : exinfo->fileuserdata       = 000001D4C42E8E68
[LOG] SystemI::createSoundInternal             : exinfo->initialseekpostype = 1
[LOG] SystemI::DSPCodecPoolRegister            : register codec pool for pool type 5
[LOG] SystemI::createSoundInternal             : Sample 0/1: name='door_open2', format=5, channels=2, frequency=48000, lengthbytes=17152, lengthpcm=76867, pcmblocksize=0, loopstart=0, loopend=0, mode=0x00000000, channelmask=0x00000000, channelorder=0, peakvolume=0.184204.
[LOG] SystemI::createSoundInternal             : Create name='', mode=0x02000202
[LOG] SystemI::createSoundInternal             : exinfo->cbsize             = 224
[LOG] SystemI::createSoundInternal             : exinfo->length             = 6401376
[LOG] SystemI::createSoundInternal             : exinfo->fileoffset         = 61632
[LOG] SystemI::createSoundInternal             : exinfo->numsubsounds       = 1
[LOG] SystemI::createSoundInternal             : exinfo->inclusionlist      = 0000007B30C7F5A8
[LOG] SystemI::createSoundInternal             : exinfo->inclusionlistnum   = 1
[LOG] SystemI::createSoundInternal             : exinfo->suggestedsoundtype = 5
[LOG] SystemI::createSoundInternal             : exinfo->useropen           = 00007FF8D32033C0
[LOG] SystemI::createSoundInternal             : exinfo->userclose          = 00007FF8D3203380
[LOG] SystemI::createSoundInternal             : exinfo->userread           = 00007FF8D32034A0
[LOG] SystemI::createSoundInternal             : exinfo->userseek           = 00007FF8D3203560
[LOG] SystemI::createSoundInternal             : exinfo->fileuserdata       = 000001D4C42E5EF8
[LOG] SystemI::createSoundInternal             : exinfo->initialseekpostype = 1
[LOG] SystemI::DSPCodecPoolRegister            : register codec pool for pool type 5
[LOG] SystemI::createSoundInternal             : Sample 0/1: name='drawer_open', format=5, channels=2, frequency=48000, lengthbytes=10304, lengthpcm=52696, pcmblocksize=0, loopstart=0, loopend=0, mode=0x00000000, channelmask=0x00000000, channelorder=0, peakvolume=0.052338.
[LOG] SystemI::createSound                     : filename = Assets/Audio/Escape Room VR FOR LIFE/Escape Room VR FOR LIFE/Build/Desktop/Master.bank : mode 02010082
[LOG] SystemI::createSound                     : FMOD_NONBLOCKING specified.  Putting into queue to be opened asynchronously!
[LOG] Thread::initThread                       : Init FMOD nonblocking thread (0). Affinity: 0x4000000000000003, Priority: 0xFFFF7FFC, Stack Size: 114688, Semaphore: Yes, Sleep Time: 0, Looping: Yes.
[LOG] SystemI::createSound                     : setdata soundi = 000001D7D7ABFAE8 : node = 000001D8631CBBB0
[LOG] SystemI::createSound                     : add node to async list : head = 000001D7BF4F7B08.  list count = 0
[LOG] AsyncThread::threadFunc                  : Starting Asynchronous operation on sound 000001D7D7ABFAE8
[LOG] SystemI::createSoundInternal             :     Create name='Assets/Audio/Escape Room VR FOR LIFE/Escape Room VR FOR LIFE/Build/Desktop/Master.bank', mode=0x02010082
[LOG] SystemI::createSoundInternal             :     exinfo->cbsize             = 224
[LOG] SystemI::createSoundInternal             :     exinfo->length             = 6401376
[LOG] SystemI::createSoundInternal             :     exinfo->fileoffset         = 61632
[LOG] SystemI::createSoundInternal             :     exinfo->numsubsounds       = 1
[LOG] SystemI::createSoundInternal             :     exinfo->inclusionlist      = 000001D8631CBCC0
[LOG] SystemI::createSoundInternal             :     exinfo->inclusionlistnum   = 1
[LOG] SystemI::createSoundInternal             :     exinfo->suggestedsoundtype = 5
[LOG] SystemI::createSoundInternal             :     exinfo->initialseekpostype = 1
[LOG] SystemI::createSoundInternal             :     Stream 0/1: name='fireplace_crackle', format=5, channels=2, frequency=48000, lengthbytes=1237632, lengthpcm=5438242, pcmblocksize=0, loopstart=0, loopend=0, mode=0x00000000, channelmask=0x00000000, channelorder=0, peakvolume=0.296906.
[LOG] Thread::initThread                       :     Init FMOD file thread. Affinity: 0x4000000000000003, Priority: 0xFFFF7FFC, Stack Size: 65536, Semaphore: No, Sleep Time: 10, Looping: Yes.
[LOG] AsyncThread::threadFunc                  : Finished Asynchronous operation on sound 000001D7D7ABFAE8
[LOG] AsyncThread::threadFunc                  : Starting Asynchronous operation on sound 000001D7B736B1A8
[LOG] AsyncThread::threadFunc                  : Finished Asynchronous operation on sound 000001D7B736B1A8
[LOG] SystemI::createSound                     : filename = Assets/Audio/Escape Room VR FOR LIFE/Escape Room VR FOR LIFE/Build/Desktop/Master.bank : mode 02010082
[LOG] SystemI::createSound                     : FMOD_NONBLOCKING specified.  Putting into queue to be opened asynchronously!
[LOG] SystemI::createSound                     : setdata soundi = 000001D4C8EDFD98 : node = 000001D7B779AD40
[LOG] SystemI::createSound                     : add node to async list : head = 000001D7BF4F7B08.  list count = 0
[LOG] AsyncThread::threadFunc                  : Starting Asynchronous operation on sound 000001D4C8EDFD98
[LOG] SystemI::createSoundInternal             :     Create name='Assets/Audio/Escape Room VR FOR LIFE/Escape Room VR FOR LIFE/Build/Desktop/Master.bank', mode=0x02010082
[LOG] SystemI::createSoundInternal             :     exinfo->cbsize             = 224
[LOG] SystemI::createSoundInternal             :     exinfo->length             = 6401376
[LOG] SystemI::createSoundInternal             :     exinfo->fileoffset         = 61632
[LOG] SystemI::createSoundInternal             :     exinfo->numsubsounds       = 1
[LOG] SystemI::createSoundInternal             :     exinfo->inclusionlist      = 000001D7B779AE50
[LOG] SystemI::createSoundInternal             :     exinfo->inclusionlistnum   = 1
[LOG] SystemI::createSoundInternal             :     exinfo->suggestedsoundtype = 5
[LOG] SystemI::createSoundInternal             :     exinfo->initialseekpostype = 1
[LOG] SystemI::createSoundInternal             :     Stream 0/1: name='fireplace_crackle', format=5, channels=2, frequency=48000, lengthbytes=1237632, lengthpcm=5438242, pcmblocksize=0, loopstart=0, loopend=0, mode=0x00000000, channelmask=0x00000000, channelorder=0, peakvolume=0.296906.
[LOG] AsyncThread::threadFunc                  : Finished Asynchronous operation on sound 000001D4C8EDFD98
[LOG] SoundI::release                          : fireplace_crackle (000001D7D7ABFAE8)
[LOG] SoundI::release                          :     fireplace_crackle (000001D7E09CA318)
[LOG] SoundI::release                          :     fireplace_crackle (000001D7B736B1A8)
[LOG] AsyncThread::threadFunc                  : Starting Asynchronous operation on sound 000001D7D8012768
[LOG] AsyncThread::threadFunc                  : Finished Asynchronous operation on sound 000001D7D8012768
[LOG] SoundI::release                          : fireplace_crackle (000001D4C8EDFD98)
[LOG] SoundI::release                          :     fireplace_crackle (000001D7E38B9228)
[LOG] SoundI::release                          :     fireplace_crackle (000001D7D8012768)
[LOG] SoundI::release                          :  (000001D79588B7A8)
[LOG] SoundI::release                          :     drawer_open (000001D6E7593528)
[LOG] SoundI::release                          :  (000001D79588B1E8)
[LOG] SoundI::release                          :     door_open1 (000001D6E7592688)
[LOG] SoundI::release                          :  (000001D79588C778)
[LOG] SoundI::release                          :     door_open2 (000001D6E7592008)
[LOG] SoundI::release                          :  (000001D79588B358)
[LOG] SoundI::release                          :     door_open3 (000001D6E7592B68)
[LOG] SoundI::release                          :  (000001D79588CBC8)
[LOG] SoundI::release                          :     door_open4 (000001D6E75931E8)
[LOG] SoundI::release                          :  (000001D79588C328)
[LOG] SoundI::release                          :     door_open5 (000001D6E75924E8)
[LOG] Manager::readBank                        : fileversion = 142, compatVersion = 140 (oldest = 44, newest = 142)
[LOG] Manager::readBank                        : fileversion = 142, compatVersion = 140 (oldest = 44, newest = 142)
[LOG] PlaybackSystem::acquireMasterBus         : Setting master channel group format to 6
[LOG] SystemI::createSoundInternal             : Create name='', mode=0x02000202
[LOG] SystemI::createSoundInternal             : exinfo->cbsize             = 224
[LOG] SystemI::createSoundInternal             : exinfo->length             = 6401376
[LOG] SystemI::createSoundInternal             : exinfo->fileoffset         = 61632
[LOG] SystemI::createSoundInternal             : exinfo->numsubsounds       = 1
[LOG] SystemI::createSoundInternal             : exinfo->inclusionlist      = 0000007B30C7F5A8
[LOG] SystemI::createSoundInternal             : exinfo->inclusionlistnum   = 1
[LOG] SystemI::createSoundInternal             : exinfo->suggestedsoundtype = 5
[LOG] SystemI::createSoundInternal             : exinfo->useropen           = 00007FF8D32033C0
[LOG] SystemI::createSoundInternal             : exinfo->userclose          = 00007FF8D3203380
[LOG] SystemI::createSoundInternal             : exinfo->userread           = 00007FF8D32034A0
[LOG] SystemI::createSoundInternal             : exinfo->userseek           = 00007FF8D3203560
[LOG] SystemI::createSoundInternal             : exinfo->fileuserdata       = 000001D4C42EB598
[LOG] SystemI::createSoundInternal             : exinfo->initialseekpostype = 1
[LOG] SystemI::DSPCodecPoolRegister            : register codec pool for pool type 5
[LOG] SystemI::createSoundInternal             : Sample 0/1: name='sfx_ball wrong', format=5, channels=2, frequency=48000, lengthbytes=3232, lengthpcm=78277, pcmblocksize=0, loopstart=0, loopend=0, mode=0x00000000, channelmask=0x00000000, channelorder=0, peakvolume=0.427185.
[LOG] SystemI::createSoundInternal             : Create name='', mode=0x02000202
[LOG] SystemI::createSoundInternal             : exinfo->cbsize             = 224
[LOG] SystemI::createSoundInternal             : exinfo->length             = 6401376
[LOG] SystemI::createSoundInternal             : exinfo->fileoffset         = 61632
[LOG] SystemI::createSoundInternal             : exinfo->numsubsounds       = 1
[LOG] SystemI::createSoundInternal             : exinfo->inclusionlist      = 0000007B30C7F5A8
[LOG] SystemI::createSoundInternal             : exinfo->inclusionlistnum   = 1
[LOG] SystemI::createSoundInternal             : exinfo->suggestedsoundtype = 5
[LOG] SystemI::createSoundInternal             : exinfo->useropen           = 00007FF8D32033C0
[LOG] SystemI::createSoundInternal             : exinfo->userclose          = 00007FF8D3203380
[LOG] SystemI::createSoundInternal             : exinfo->userread           = 00007FF8D32034A0
[LOG] SystemI::createSoundInternal             : exinfo->userseek           = 00007FF8D3203560
[LOG] SystemI::createSoundInternal             : exinfo->fileuserdata       = 000001D4C42E8A48
[LOG] SystemI::createSoundInternal             : exinfo->initialseekpostype = 1
[LOG] SystemI::DSPCodecPoolRegister            : register codec pool for pool type 5
[LOG] SystemI::createSoundInternal             : Sample 0/1: name='teleport', format=5, channels=2, frequency=48000, lengthbytes=8320, lengthpcm=47653, pcmblocksize=0, loopstart=0, loopend=0, mode=0x00000000, channelmask=0x00000000, channelorder=0, peakvolume=0.577118.
[LOG] SoundI::release                          :  (000001D79588B1E8)
[LOG] SoundI::release                          :     sfx_ball wrong (000001D6E75936C8)
[LOG] SoundI::release                          :  (000001D79588B358)
[LOG] SoundI::release                          :     teleport (000001D6E7593A08)
[LOG] Thread::callback                         : FMOD Studio bank load thread finished.
[LOG] Thread::callback                         : FMOD Studio sample load thread finished.
[LOG] LiveUpdate::release                      : 
[LOG] LiveUpdate::reset                        : Reset connection (reason Disconnected)
[LOG] Thread::callback                         : FMOD stream thread finished.
[LOG] Thread::callback                         : FMOD mixer thread finished.
[LOG] SystemI::close                           : Closed.
[LOG] Thread::callback                         : FMOD nonblocking thread (0) finished.
[LOG] Thread::callback                         : FMOD file thread finished.
